2019-11-28 02:53:44.200+0000 WARN [o.n.i.p.PageCache] The dbms.memory.pagecache.size setting has not been configured. It is recommended that this setting is always explicitly configured, to ensure the system has a balanced configuration. Until then, a computed heuristic value of 4964603904 bytes will be used instead. Run `neo4j-admin memrec` for memory configuration suggestions.
2019-11-28 02:53:44.901+0000 INFO [o.n.k.i.f.CommunityEditionModule] No locking implementation specified, defaulting to 'community'
2019-11-28 02:53:45.403+0000 INFO [o.n.k.AvailabilityGuard] Requirement makes database unavailable: Database available
2019-11-28 02:53:45.509+0000 INFO [o.n.k.i.DiagnosticsManager] --- INITIALIZED diagnostics START ---
2019-11-28 02:53:45.509+0000 INFO [o.n.k.i.DiagnosticsManager] Neo4j Kernel properties:
2019-11-28 02:53:45.510+0000 INFO [o.n.k.i.DiagnosticsManager] unsupported.dbms.directories.neo4j_home=F:\IdeaProjects\test1116\target\java-query-db
2019-11-28 02:53:45.510+0000 INFO [o.n.k.i.DiagnosticsManager] unsupported.dbms.edition=community
2019-11-28 02:53:45.510+0000 INFO [o.n.k.i.DiagnosticsManager] unsupported.dbms.ephemeral=false
2019-11-28 02:53:45.510+0000 INFO [o.n.k.i.DiagnosticsManager] Diagnostics providers:
2019-11-28 02:53:45.510+0000 INFO [o.n.k.i.DiagnosticsManager] org.neo4j.kernel.configuration.Config
2019-11-28 02:53:45.511+0000 INFO [o.n.k.i.DiagnosticsManager] org.neo4j.kernel.info.DiagnosticsManager
2019-11-28 02:53:45.511+0000 INFO [o.n.k.i.DiagnosticsManager] SYSTEM_MEMORY
2019-11-28 02:53:45.511+0000 INFO [o.n.k.i.DiagnosticsManager] JAVA_MEMORY
2019-11-28 02:53:45.511+0000 INFO [o.n.k.i.DiagnosticsManager] OPERATING_SYSTEM
2019-11-28 02:53:45.511+0000 INFO [o.n.k.i.DiagnosticsManager] JAVA_VIRTUAL_MACHINE
2019-11-28 02:53:45.512+0000 INFO [o.n.k.i.DiagnosticsManager] CLASSPATH
2019-11-28 02:53:45.512+0000 INFO [o.n.k.i.DiagnosticsManager] LIBRARY_PATH
2019-11-28 02:53:45.512+0000 INFO [o.n.k.i.DiagnosticsManager] SYSTEM_PROPERTIES
2019-11-28 02:53:45.512+0000 INFO [o.n.k.i.DiagnosticsManager] NETWORK
2019-11-28 02:53:45.513+0000 INFO [o.n.k.i.DiagnosticsManager] System memory information:
2019-11-28 02:53:45.517+0000 INFO [o.n.k.i.DiagnosticsManager] Total Physical memory: 11.89 GB
2019-11-28 02:53:45.517+0000 INFO [o.n.k.i.DiagnosticsManager] Free Physical memory: 5.48 GB
2019-11-28 02:53:45.517+0000 INFO [o.n.k.i.DiagnosticsManager] Committed virtual memory: 371.22 MB
2019-11-28 02:53:45.518+0000 INFO [o.n.k.i.DiagnosticsManager] Total swap space: 13.70 GB
2019-11-28 02:53:45.518+0000 INFO [o.n.k.i.DiagnosticsManager] Free swap space: 5.21 GB
2019-11-28 02:53:45.518+0000 INFO [o.n.k.i.DiagnosticsManager] JVM memory information:
2019-11-28 02:53:45.518+0000 INFO [o.n.k.i.DiagnosticsManager] Free  memory: 154.61 MB
2019-11-28 02:53:45.519+0000 INFO [o.n.k.i.DiagnosticsManager] Total memory: 184.00 MB
2019-11-28 02:53:45.519+0000 INFO [o.n.k.i.DiagnosticsManager] Max   memory: 2.64 GB
2019-11-28 02:53:45.522+0000 INFO [o.n.k.i.DiagnosticsManager] Garbage Collector: PS Scavenge: [PS Eden Space, PS Survivor Space]
2019-11-28 02:53:45.522+0000 INFO [o.n.k.i.DiagnosticsManager] Garbage Collector: PS MarkSweep: [PS Eden Space, PS Survivor Space, PS Old Gen]
2019-11-28 02:53:45.523+0000 INFO [o.n.k.i.DiagnosticsManager] Memory Pool: Code Cache (Non-heap memory): committed=4.94 MB, used=4.91 MB, max=240.00 MB, threshold=0.00 B
2019-11-28 02:53:45.524+0000 INFO [o.n.k.i.DiagnosticsManager] Memory Pool: Metaspace (Non-heap memory): committed=13.38 MB, used=12.71 MB, max=-1.00 B, threshold=0.00 B
2019-11-28 02:53:45.524+0000 INFO [o.n.k.i.DiagnosticsManager] Memory Pool: Compressed Class Space (Non-heap memory): committed=1.88 MB, used=1.67 MB, max=1.00 GB, threshold=0.00 B
2019-11-28 02:53:45.524+0000 INFO [o.n.k.i.DiagnosticsManager] Memory Pool: PS Eden Space (Heap memory): committed=48.00 MB, used=21.92 MB, max=998.50 MB, threshold=?
2019-11-28 02:53:45.525+0000 INFO [o.n.k.i.DiagnosticsManager] Memory Pool: PS Survivor Space (Heap memory): committed=8.00 MB, used=7.46 MB, max=8.00 MB, threshold=?
2019-11-28 02:53:45.525+0000 INFO [o.n.k.i.DiagnosticsManager] Memory Pool: PS Old Gen (Heap memory): committed=128.00 MB, used=16.00 kB, max=1.98 GB, threshold=0.00 B
2019-11-28 02:53:45.525+0000 INFO [o.n.k.i.DiagnosticsManager] Operating system information:
2019-11-28 02:53:45.526+0000 INFO [o.n.k.i.DiagnosticsManager] Operating System: Windows 10; version: 10.0; arch: amd64; cpus: 4
2019-11-28 02:53:45.540+0000 INFO [o.n.k.i.DiagnosticsManager] Process id: 4992@MyThinkPad
2019-11-28 02:53:45.540+0000 INFO [o.n.k.i.DiagnosticsManager] Byte order: LITTLE_ENDIAN
2019-11-28 02:53:45.546+0000 INFO [o.n.k.i.DiagnosticsManager] Local timezone: Asia/Shanghai
2019-11-28 02:53:45.546+0000 INFO [o.n.k.i.DiagnosticsManager] JVM information:
2019-11-28 02:53:45.549+0000 INFO [o.n.k.i.DiagnosticsManager] VM Name: Java HotSpot(TM) 64-Bit Server VM
2019-11-28 02:53:45.549+0000 INFO [o.n.k.i.DiagnosticsManager] VM Vendor: Oracle Corporation
2019-11-28 02:53:45.549+0000 INFO [o.n.k.i.DiagnosticsManager] VM Version: 25.172-b11
2019-11-28 02:53:45.550+0000 INFO [o.n.k.i.DiagnosticsManager] JIT compiler: HotSpot 64-Bit Tiered Compilers
2019-11-28 02:53:45.550+0000 INFO [o.n.k.i.DiagnosticsManager] VM Arguments: [-javaagent:F:\OpenSources\JetBrains\IntelliJ IDEA 2018.2.2\lib\idea_rt.jar=52098:F:\OpenSources\JetBrains\IntelliJ IDEA 2018.2.2\bin, -Dfile.encoding=UTF-8]
2019-11-28 02:53:45.551+0000 INFO [o.n.k.i.DiagnosticsManager] Java classpath:
2019-11-28 02:53:45.555+0000 INFO [o.n.k.i.DiagnosticsManager]  [classpath + loader.0] file:/F:/OpenSources/maven/maven_repository/org/neo4j/neo4j-cypher-compiler-3.1/3.1.8/neo4j-cypher-compiler-3.1-3.1.8.jar
2019-11-28 02:53:45.555+0000 INFO [o.n.k.i.DiagnosticsManager]  [classpath + loader.0] file:/F:/OpenSources/maven/maven_repository/org/neo4j/neo4j-logging/3.3.5/neo4j-logging-3.3.5.jar
2019-11-28 02:53:45.555+0000 INFO [o.n.k.i.DiagnosticsManager]  [classpath + loader.0] file:/F:/OpenSources/maven/maven_repository/commons-logging/commons-logging/1.2/commons-logging-1.2.jar
2019-11-28 02:53:45.555+0000 INFO [o.n.k.i.DiagnosticsManager]  [classpath + loader.0] file:/F:/OpenSources/maven/maven_repository/net/sf/opencsv/opencsv/2.3/opencsv-2.3.jar
2019-11-28 02:53:45.555+0000 INFO [o.n.k.i.DiagnosticsManager]  [bootstrap + classpath + loader.0] file:/F:/OpenSources/Java/jdk1.8.0_172/jre/lib/rt.jar
2019-11-28 02:53:45.555+0000 INFO [o.n.k.i.DiagnosticsManager]  [classpath + loader.0] file:/F:/OpenSources/maven/maven_repository/com/alibaba/fastjson/1.2.47/fastjson-1.2.47.jar
2019-11-28 02:53:45.555+0000 INFO [o.n.k.i.DiagnosticsManager]  [classpath + loader.0] file:/F:/OpenSources/maven/maven_repository/org/hamcrest/hamcrest-core/1.3/hamcrest-core-1.3.jar
2019-11-28 02:53:45.555+0000 INFO [o.n.k.i.DiagnosticsManager]  [classpath + loader.0] file:/F:/OpenSources/maven/maven_repository/org/neo4j/neo4j-cypher-ir-3.3/3.3.5/neo4j-cypher-ir-3.3-3.3.5.jar
2019-11-28 02:53:45.555+0000 INFO [o.n.k.i.DiagnosticsManager]  [classpath + loader.0] file:/F:/OpenSources/maven/maven_repository/commons-codec/commons-codec/1.10/commons-codec-1.10.jar
2019-11-28 02:53:45.555+0000 INFO [o.n.k.i.DiagnosticsManager]  [classpath + loader.0] file:/F:/OpenSources/maven/maven_repository/org/neo4j/neo4j-values/3.3.5/neo4j-values-3.3.5.jar
2019-11-28 02:53:45.556+0000 INFO [o.n.k.i.DiagnosticsManager]  [classpath + loader.0] file:/F:/OpenSources/maven/maven_repository/org/neo4j/neo4j-lucene-upgrade/3.3.5/neo4j-lucene-upgrade-3.3.5.jar
2019-11-28 02:53:45.556+0000 INFO [o.n.k.i.DiagnosticsManager]  [bootstrap] F:\OpenSources\Java\jdk1.8.0_172\jre\lib\sunrsasign.jar
2019-11-28 02:53:45.556+0000 INFO [o.n.k.i.DiagnosticsManager]  [classpath + loader.0] file:/F:/OpenSources/maven/maven_repository/org/neo4j/neo4j-cypher-logical-plans-3.3/3.3.5/neo4j-cypher-logical-plans-3.3-3.3.5.jar
2019-11-28 02:53:45.556+0000 INFO [o.n.k.i.DiagnosticsManager]  [classpath + loader.0] file:/F:/OpenSources/maven/maven_repository/maven_repository/org/springframework/spring-beans/5.0.3.RELEASE/spring-beans-5.0.3.RELEASE.jar
2019-11-28 02:53:45.556+0000 INFO [o.n.k.i.DiagnosticsManager]  [classpath + loader.0] file:/F:/OpenSources/maven/maven_repository/org/neo4j/neo4j-primitive-collections/3.3.5/neo4j-primitive-collections-3.3.5.jar
2019-11-28 02:53:45.556+0000 INFO [o.n.k.i.DiagnosticsManager]  [classpath + loader.0] file:/F:/OpenSources/Java/jdk1.8.0_172/jre/lib/javaws.jar
2019-11-28 02:53:45.556+0000 INFO [o.n.k.i.DiagnosticsManager]  [classpath + loader.0] file:/F:/OpenSources/maven/maven_repository/org/apache/commons/commons-lang3/3.5/commons-lang3-3.5.jar
2019-11-28 02:53:45.556+0000 INFO [o.n.k.i.DiagnosticsManager]  [classpath + loader.0] file:/F:/OpenSources/maven/maven_repository/org/neo4j/neo4j-cypher-frontend-3.3/3.3.5/neo4j-cypher-frontend-3.3-3.3.5.jar
2019-11-28 02:53:45.574+0000 INFO [o.n.k.i.DiagnosticsManager]  [classpath + loader.0] file:/F:/OpenSources/maven/maven_repository/org/apache/httpcomponents/httpclient/4.5.5/httpclient-4.5.5.jar
2019-11-28 02:53:45.575+0000 INFO [o.n.k.i.DiagnosticsManager]  [bootstrap + classpath + loader.0] file:/F:/OpenSources/Java/jdk1.8.0_172/jre/lib/jfr.jar
2019-11-28 02:53:45.576+0000 INFO [o.n.k.i.DiagnosticsManager]  [classpath + loader.0] file:/F:/OpenSources/maven/maven_repository/maven_repository/com/alibaba/fastjson/1.1.37/fastjson-1.1.37.jar
2019-11-28 02:53:45.576+0000 INFO [o.n.k.i.DiagnosticsManager]  [classpath + loader.0] file:/F:/OpenSources/maven/maven_repository/org/apache/lucene/lucene-analyzers-common/5.5.0/lucene-analyzers-common-5.5.0.jar
2019-11-28 02:53:45.576+0000 INFO [o.n.k.i.DiagnosticsManager]  [loader.1] file:/F:/OpenSources/Java/jdk1.8.0_172/jre/lib/ext/jaccess.jar
2019-11-28 02:53:45.577+0000 INFO [o.n.k.i.DiagnosticsManager]  [classpath + loader.0] file:/F:/OpenSources/maven/maven_repository/org/neo4j/neo4j-cypher-compiler-3.3/3.3.5/neo4j-cypher-compiler-3.3-3.3.5.jar
2019-11-28 02:53:45.577+0000 INFO [o.n.k.i.DiagnosticsManager]  [bootstrap + classpath + loader.0] file:/F:/OpenSources/Java/jdk1.8.0_172/jre/lib/jsse.jar
2019-11-28 02:53:45.577+0000 INFO [o.n.k.i.DiagnosticsManager]  [classpath + loader.0] file:/F:/OpenSources/maven/maven_repository/org/parboiled/parboiled-scala_2.11/1.1.7/parboiled-scala_2.11-1.1.7.jar
2019-11-28 02:53:45.577+0000 INFO [o.n.k.i.DiagnosticsManager]  [classpath + loader.0] file:/F:/OpenSources/maven/maven_repository/org/neo4j/neo4j-collections/3.3.5/neo4j-collections-3.3.5.jar
2019-11-28 02:53:45.577+0000 INFO [o.n.k.i.DiagnosticsManager]  [classpath + loader.0] file:/F:/OpenSources/maven/maven_repository/org/scala-lang/scala-reflect/2.11.12/scala-reflect-2.11.12.jar
2019-11-28 02:53:45.578+0000 INFO [o.n.k.i.DiagnosticsManager]  [classpath + loader.0] file:/F:/OpenSources/maven/maven_repository/org/neo4j/neo4j-jmx/3.3.5/neo4j-jmx-3.3.5.jar
2019-11-28 02:53:45.578+0000 INFO [o.n.k.i.DiagnosticsManager]  [classpath + loader.0] file:/F:/OpenSources/maven/maven_repository/org/ow2/asm/asm-util/5.2/asm-util-5.2.jar
2019-11-28 02:53:45.578+0000 INFO [o.n.k.i.DiagnosticsManager]  [classpath + loader.0] file:/F:/OpenSources/maven/maven_repository/org/neo4j/neo4j-dbms/3.3.5/neo4j-dbms-3.3.5.jar
2019-11-28 02:53:45.578+0000 INFO [o.n.k.i.DiagnosticsManager]  [classpath + loader.0] file:/F:/OpenSources/Java/jdk1.8.0_172/jre/lib/deploy.jar
2019-11-28 02:53:45.578+0000 INFO [o.n.k.i.DiagnosticsManager]  [loader.1] file:/F:/OpenSources/Java/jdk1.8.0_172/jre/lib/ext/sunjce_provider.jar
2019-11-28 02:53:45.578+0000 INFO [o.n.k.i.DiagnosticsManager]  [classpath + loader.0] file:/F:/OpenSources/maven/maven_repository/org/neo4j/neo4j-resource/3.3.5/neo4j-resource-3.3.5.jar
2019-11-28 02:53:45.578+0000 INFO [o.n.k.i.DiagnosticsManager]  [classpath + loader.0] file:/F:/OpenSources/maven/maven_repository/org/bouncycastle/bcprov-jdk15on/1.53/bcprov-jdk15on-1.53.jar
2019-11-28 02:53:45.578+0000 INFO [o.n.k.i.DiagnosticsManager]  [classpath + loader.0] file:/F:/OpenSources/maven/maven_repository/org/neo4j/neo4j-common/3.3.5/neo4j-common-3.3.5.jar
2019-11-28 02:53:45.578+0000 INFO [o.n.k.i.DiagnosticsManager]  [classpath + loader.0] file:/F:/OpenSources/maven/maven_repository/org/scala-lang/scala-library/2.11.12/scala-library-2.11.12.jar
2019-11-28 02:53:45.578+0000 INFO [o.n.k.i.DiagnosticsManager]  [classpath] F:\OpenSources\JetBrains\IntelliJ IDEA 2018.2.2\lib\idea_rt.jar
2019-11-28 02:53:45.579+0000 INFO [o.n.k.i.DiagnosticsManager]  [classpath + loader.0] file:/F:/OpenSources/maven/maven_repository/org/neo4j/neo4j-consistency-check/3.3.5/neo4j-consistency-check-3.3.5.jar
2019-11-28 02:53:45.579+0000 INFO [o.n.k.i.DiagnosticsManager]  [classpath + loader.0] file:/F:/OpenSources/maven/maven_repository/org/bouncycastle/bcpkix-jdk15on/1.53/bcpkix-jdk15on-1.53.jar
2019-11-28 02:53:45.579+0000 INFO [o.n.k.i.DiagnosticsManager]  [loader.1] file:/F:/OpenSources/Java/jdk1.8.0_172/jre/lib/ext/localedata.jar
2019-11-28 02:53:45.579+0000 INFO [o.n.k.i.DiagnosticsManager]  [classpath + loader.0] file:/F:/OpenSources/Java/jdk1.8.0_172/jre/lib/management-agent.jar
2019-11-28 02:53:45.579+0000 INFO [o.n.k.i.DiagnosticsManager]  [loader.1] file:/F:/OpenSources/Java/jdk1.8.0_172/jre/lib/ext/cldrdata.jar
2019-11-28 02:53:45.579+0000 INFO [o.n.k.i.DiagnosticsManager]  [classpath + loader.0] file:/F:/OpenSources/maven/maven_repository/org/neo4j/neo4j-cypher-compiler-2.3/2.3.12/neo4j-cypher-compiler-2.3-2.3.12.jar
2019-11-28 02:53:45.579+0000 INFO [o.n.k.i.DiagnosticsManager]  [classpath + loader.0] file:/F:/OpenSources/maven/maven_repository/org/neo4j/neo4j-lucene-index/3.3.5/neo4j-lucene-index-3.3.5.jar
2019-11-28 02:53:45.579+0000 INFO [o.n.k.i.DiagnosticsManager]  [classpath + loader.0] file:/F:/OpenSources/maven/maven_repository/org/neo4j/neo4j-graph-matching/3.1.6/neo4j-graph-matching-3.1.6.jar
2019-11-28 02:53:45.579+0000 INFO [o.n.k.i.DiagnosticsManager]  [bootstrap + classpath + loader.0] file:/F:/OpenSources/Java/jdk1.8.0_172/jre/lib/resources.jar
2019-11-28 02:53:45.579+0000 INFO [o.n.k.i.DiagnosticsManager]  [classpath + loader.0] file:/F:/OpenSources/maven/maven_repository/org/neo4j/neo4j-graphdb-api/3.3.5/neo4j-graphdb-api-3.3.5.jar
2019-11-28 02:53:45.579+0000 INFO [o.n.k.i.DiagnosticsManager]  [bootstrap + classpath + loader.0] file:/F:/OpenSources/Java/jdk1.8.0_172/jre/lib/charsets.jar
2019-11-28 02:53:45.580+0000 INFO [o.n.k.i.DiagnosticsManager]  [classpath + loader.0] file:/F:/OpenSources/maven/maven_repository/org/ow2/asm/asm-analysis/5.2/asm-analysis-5.2.jar
2019-11-28 02:53:45.580+0000 INFO [o.n.k.i.DiagnosticsManager]  [classpath + loader.0] file:/F:/OpenSources/maven/maven_repository/org/ow2/asm/asm/5.2/asm-5.2.jar
2019-11-28 02:53:45.580+0000 INFO [o.n.k.i.DiagnosticsManager]  [classpath + loader.0] file:/F:/OpenSources/maven/maven_repository/org/apache/commons/commons-text/1.1/commons-text-1.1.jar
2019-11-28 02:53:45.580+0000 INFO [o.n.k.i.DiagnosticsManager]  [bootstrap] F:\OpenSources\Java\jdk1.8.0_172\jre\classes
2019-11-28 02:53:45.580+0000 INFO [o.n.k.i.DiagnosticsManager]  [classpath + loader.0] file:/F:/OpenSources/maven/maven_repository/org/apache/lucene/lucene-backward-codecs/5.5.0/lucene-backward-codecs-5.5.0.jar
2019-11-28 02:53:45.580+0000 INFO [o.n.k.i.DiagnosticsManager]  [classpath + loader.0] file:/F:/OpenSources/maven/maven_repository/org/neo4j/neo4j-cypher-compiler-3.2/3.2.10/neo4j-cypher-compiler-3.2-3.2.10.jar
2019-11-28 02:53:45.580+0000 INFO [o.n.k.i.DiagnosticsManager]  [loader.1] file:/F:/OpenSources/Java/jdk1.8.0_172/jre/lib/ext/sunmscapi.jar
2019-11-28 02:53:45.580+0000 INFO [o.n.k.i.DiagnosticsManager]  [loader.1] file:/F:/OpenSources/Java/jdk1.8.0_172/jre/lib/ext/sunec.jar
2019-11-28 02:53:45.580+0000 INFO [o.n.k.i.DiagnosticsManager]  [classpath + loader.0] file:/F:/OpenSources/maven/maven_repository/org/parboiled/parboiled-core/1.1.7/parboiled-core-1.1.7.jar
2019-11-28 02:53:45.580+0000 INFO [o.n.k.i.DiagnosticsManager]  [loader.1] file:/F:/OpenSources/Java/jdk1.8.0_172/jre/lib/ext/zipfs.jar
2019-11-28 02:53:45.580+0000 INFO [o.n.k.i.DiagnosticsManager]  [classpath + loader.0] file:/F:/OpenSources/maven/maven_repository/org/neo4j/neo4j-index/3.3.5/neo4j-index-3.3.5.jar
2019-11-28 02:53:45.581+0000 INFO [o.n.k.i.DiagnosticsManager]  [classpath + loader.0] file:/F:/OpenSources/maven/maven_repository/com/sun/jersey/jersey-core/1.18.1/jersey-core-1.18.1.jar
2019-11-28 02:53:45.581+0000 INFO [o.n.k.i.DiagnosticsManager]  [loader.1] file:/F:/OpenSources/Java/jdk1.8.0_172/jre/lib/ext/access-bridge-64.jar
2019-11-28 02:53:45.581+0000 INFO [o.n.k.i.DiagnosticsManager]  [classpath + loader.0] file:/F:/OpenSources/maven/maven_repository/org/neo4j/neo4j-command-line/3.3.5/neo4j-command-line-3.3.5.jar
2019-11-28 02:53:45.581+0000 INFO [o.n.k.i.DiagnosticsManager]  [loader.1] file:/F:/OpenSources/Java/jdk1.8.0_172/jre/lib/ext/nashorn.jar
2019-11-28 02:53:45.581+0000 INFO [o.n.k.i.DiagnosticsManager]  [classpath + loader.0] file:/F:/OpenSources/maven/maven_repository/junit/junit/4.12/junit-4.12.jar
2019-11-28 02:53:45.581+0000 INFO [o.n.k.i.DiagnosticsManager]  [classpath + loader.0] file:/F:/OpenSources/maven/maven_repository/org/neo4j/neo4j-unsafe/3.3.5/neo4j-unsafe-3.3.5.jar
2019-11-28 02:53:45.581+0000 INFO [o.n.k.i.DiagnosticsManager]  [classpath + loader.0] file:/F:/OpenSources/maven/maven_repository/org/neo4j/neo4j-cypher-ir-3.2/3.2.10/neo4j-cypher-ir-3.2-3.2.10.jar
2019-11-28 02:53:45.581+0000 INFO [o.n.k.i.DiagnosticsManager]  [classpath + loader.0] file:/F:/OpenSources/maven/maven_repository/org/apache/httpcomponents/httpcore/4.4.9/httpcore-4.4.9.jar
2019-11-28 02:53:45.581+0000 INFO [o.n.k.i.DiagnosticsManager]  [classpath + loader.0] file:/F:/OpenSources/maven/maven_repository/com/googlecode/concurrentlinkedhashmap/concurrentlinkedhashmap-lru/1.4.2/concurrentlinkedhashmap-lru-1.4.2.jar
2019-11-28 02:53:45.581+0000 INFO [o.n.k.i.DiagnosticsManager]  [loader.1] file:/F:/OpenSources/Java/jdk1.8.0_172/jre/lib/ext/dnsns.jar
2019-11-28 02:53:45.586+0000 INFO [o.n.k.i.DiagnosticsManager]  [classpath + loader.0] file:/F:/OpenSources/maven/maven_repository/org/neo4j/neo4j-kernel/3.3.5/neo4j-kernel-3.3.5.jar
2019-11-28 02:53:45.588+0000 INFO [o.n.k.i.DiagnosticsManager]  [classpath + loader.0] file:/F:/OpenSources/maven/maven_repository/org/neo4j/neo4j-udc/3.3.5/neo4j-udc-3.3.5.jar
2019-11-28 02:53:45.588+0000 INFO [o.n.k.i.DiagnosticsManager]  [classpath + loader.0] file:/F:/OpenSources/maven/maven_repository/org/neo4j/neo4j-cypher-frontend-2.3/2.3.12/neo4j-cypher-frontend-2.3-2.3.12.jar
2019-11-28 02:53:45.589+0000 INFO [o.n.k.i.DiagnosticsManager]  [classpath + loader.0] file:/F:/OpenSources/maven/maven_repository/org/apache/lucene/lucene-queryparser/5.5.0/lucene-queryparser-5.5.0.jar
2019-11-28 02:53:45.589+0000 INFO [o.n.k.i.DiagnosticsManager]  [classpath + loader.0] file:/F:/OpenSources/maven/maven_repository/io/netty/netty-all/4.1.21.Final/netty-all-4.1.21.Final.jar
2019-11-28 02:53:45.589+0000 INFO [o.n.k.i.DiagnosticsManager]  [classpath + loader.0] file:/F:/OpenSources/maven/maven_repository/org/neo4j/neo4j-graph-algo/3.3.5/neo4j-graph-algo-3.3.5.jar
2019-11-28 02:53:45.589+0000 INFO [o.n.k.i.DiagnosticsManager]  [classpath + loader.0] file:/F:/OpenSources/maven/maven_repository/org/apache/commons/commons-compress/1.12/commons-compress-1.12.jar
2019-11-28 02:53:45.589+0000 INFO [o.n.k.i.DiagnosticsManager]  [classpath + loader.0] file:/F:/OpenSources/maven/maven_repository/org/neo4j/neo4j-csv/3.3.5/neo4j-csv-3.3.5.jar
2019-11-28 02:53:45.590+0000 INFO [o.n.k.i.DiagnosticsManager]  [classpath + loader.0] file:/F:/OpenSources/maven/maven_repository/org/apache/lucene/lucene-core/5.5.0/lucene-core-5.5.0.jar
2019-11-28 02:53:45.599+0000 INFO [o.n.k.i.DiagnosticsManager]  [classpath + loader.0] file:/F:/OpenSources/maven/maven_repository/org/neo4j/neo4j-cypher-frontend-3.2/3.2.10/neo4j-cypher-frontend-3.2-3.2.10.jar
2019-11-28 02:53:45.600+0000 INFO [o.n.k.i.DiagnosticsManager]  [classpath + loader.0] file:/F:/OpenSources/maven/maven_repository/org/neo4j/neo4j-codegen/3.3.5/neo4j-codegen-3.3.5.jar
2019-11-28 02:53:45.600+0000 INFO [o.n.k.i.DiagnosticsManager]  [classpath + loader.0] file:/F:/OpenSources/maven/maven_repository/org/neo4j/neo4j-io/3.3.5/neo4j-io-3.3.5.jar
2019-11-28 02:53:45.600+0000 INFO [o.n.k.i.DiagnosticsManager]  [loader.1] file:/F:/OpenSources/Java/jdk1.8.0_172/jre/lib/ext/sunpkcs11.jar
2019-11-28 02:53:45.600+0000 INFO [o.n.k.i.DiagnosticsManager]  [classpath + loader.0] file:/F:/OpenSources/maven/maven_repository/org/neo4j/neo4j-cypher-frontend-3.1/3.1.8/neo4j-cypher-frontend-3.1-3.1.8.jar
2019-11-28 02:53:45.600+0000 INFO [o.n.k.i.DiagnosticsManager]  [classpath + loader.0] file:/F:/OpenSources/maven/maven_repository/org/neo4j/neo4j-ssl/3.3.5/neo4j-ssl-3.3.5.jar
2019-11-28 02:53:45.600+0000 INFO [o.n.k.i.DiagnosticsManager]  [classpath + loader.0] file:/F:/OpenSources/maven/maven_repository/org/neo4j/neo4j/3.3.5/neo4j-3.3.5.jar
2019-11-28 02:53:45.600+0000 INFO [o.n.k.i.DiagnosticsManager]  [bootstrap + classpath + loader.0] file:/F:/OpenSources/Java/jdk1.8.0_172/jre/lib/jce.jar
2019-11-28 02:53:45.600+0000 INFO [o.n.k.i.DiagnosticsManager]  [classpath + loader.0] file:/F:/OpenSources/maven/maven_repository/com/github/ben-manes/caffeine/caffeine/2.3.3/caffeine-2.3.3.jar
2019-11-28 02:53:45.600+0000 INFO [o.n.k.i.DiagnosticsManager]  [classpath + loader.0] file:/F:/OpenSources/Java/jdk1.8.0_172/jre/lib/plugin.jar
2019-11-28 02:53:45.600+0000 INFO [o.n.k.i.DiagnosticsManager]  [classpath + loader.0] file:/F:/OpenSources/maven/maven_repository/org/neo4j/neo4j-cypher/3.3.5/neo4j-cypher-3.3.5.jar
2019-11-28 02:53:45.600+0000 INFO [o.n.k.i.DiagnosticsManager]  [classpath + loader.0] file:/F:/OpenSources/maven/maven_repository/org/apache/lucene/lucene-codecs/5.5.0/lucene-codecs-5.5.0.jar
2019-11-28 02:53:45.600+0000 INFO [o.n.k.i.DiagnosticsManager]  [loader.0] file:/F:/OpenSources/JetBrains/IntelliJ%20IDEA%202018.2.2/lib/idea_rt.jar
2019-11-28 02:53:45.600+0000 INFO [o.n.k.i.DiagnosticsManager]  [classpath + loader.0] file:/F:/OpenSources/maven/maven_repository/org/neo4j/neo4j-import-tool/3.3.5/neo4j-import-tool-3.3.5.jar
2019-11-28 02:53:45.600+0000 INFO [o.n.k.i.DiagnosticsManager]  [loader.1] file:/F:/OpenSources/Java/jdk1.8.0_172/jre/lib/ext/jfxrt.jar
2019-11-28 02:53:45.600+0000 INFO [o.n.k.i.DiagnosticsManager]  [classpath + loader.0] file:/F:/OpenSources/Java/jdk1.8.0_172/jre/lib/jfxswt.jar
2019-11-28 02:53:45.601+0000 INFO [o.n.k.i.DiagnosticsManager]  [classpath + loader.0] file:/F:/IdeaProjects/test1116/target/classes/
2019-11-28 02:53:45.601+0000 INFO [o.n.k.i.DiagnosticsManager]  [classpath + loader.0] file:/F:/OpenSources/maven/maven_repository/org/ow2/asm/asm-tree/5.2/asm-tree-5.2.jar
2019-11-28 02:53:45.601+0000 INFO [o.n.k.i.DiagnosticsManager]  [classpath + loader.0] file:/F:/OpenSources/maven/maven_repository/org/neo4j/neo4j-configuration/3.3.5/neo4j-configuration-3.3.5.jar
2019-11-28 02:53:45.602+0000 INFO [o.n.k.i.DiagnosticsManager] Library path:
2019-11-28 02:53:45.602+0000 INFO [o.n.k.i.DiagnosticsManager] F:\OpenSources\Java\jdk1.8.0_172\bin
2019-11-28 02:53:45.603+0000 INFO [o.n.k.i.DiagnosticsManager] C:\Windows\Sun\Java\bin
2019-11-28 02:53:45.603+0000 INFO [o.n.k.i.DiagnosticsManager] C:\Windows\System32
2019-11-28 02:53:45.605+0000 INFO [o.n.k.i.DiagnosticsManager] C:\Windows
2019-11-28 02:53:45.606+0000 INFO [o.n.k.i.DiagnosticsManager] C:\Program Files (x86)\Common Files\Oracle\Java\javapath
2019-11-28 02:53:45.606+0000 INFO [o.n.k.i.DiagnosticsManager] F:\OpenSources\Java\jdk1.8.0_172\bin
2019-11-28 02:53:45.606+0000 INFO [o.n.k.i.DiagnosticsManager] C:\Windows\System32
2019-11-28 02:53:45.606+0000 INFO [o.n.k.i.DiagnosticsManager] C:\Windows
2019-11-28 02:53:45.609+0000 INFO [o.n.k.i.DiagnosticsManager] C:\Windows\System32\wbem
2019-11-28 02:53:45.610+0000 INFO [o.n.k.i.DiagnosticsManager] C:\Windows\System32\WindowsPowerShell\v1.0
2019-11-28 02:53:45.610+0000 INFO [o.n.k.i.DiagnosticsManager] C:\Windows\System32\OpenSSH
2019-11-28 02:53:45.611+0000 INFO [o.n.k.i.DiagnosticsManager] D:\Program Files\MySQL\bin
2019-11-28 02:53:45.611+0000 INFO [o.n.k.i.DiagnosticsManager] C:\Program Files\Git\cmd
2019-11-28 02:53:45.612+0000 INFO [o.n.k.i.DiagnosticsManager] C:\Program Files\TortoiseGit\bin
2019-11-28 02:53:45.612+0000 INFO [o.n.k.i.DiagnosticsManager] D:\Program Files\nodejs
2019-11-28 02:53:45.613+0000 INFO [o.n.k.i.DiagnosticsManager] F:\IdeaProjects\test1116\"D:\Program Files\nodejs\npm_modules
2019-11-28 02:53:45.614+0000 INFO [o.n.k.i.DiagnosticsManager] F:\IdeaProjects\test1116\.
2019-11-28 02:53:45.614+0000 INFO [o.n.k.i.DiagnosticsManager] D:\Program Files\nodejs
2019-11-28 02:53:45.614+0000 INFO [o.n.k.i.DiagnosticsManager] D:\Program Files\nodejs\npm_modules
2019-11-28 02:53:45.615+0000 INFO [o.n.k.i.DiagnosticsManager] D:\Program Files\erl9.3\bin
2019-11-28 02:53:45.615+0000 INFO [o.n.k.i.DiagnosticsManager] D:\Program Files\VanDyke Software\Clients
2019-11-28 02:53:45.616+0000 INFO [o.n.k.i.DiagnosticsManager] D:\Program Files\ffmpeg-20180227-fa0c9d6-win64-static\bin
2019-11-28 02:53:45.618+0000 INFO [o.n.k.i.DiagnosticsManager] F:\OpenSources\maven\apache-maven-3.5.2\bin
2019-11-28 02:53:45.619+0000 INFO [o.n.k.i.DiagnosticsManager] D:\Program Files\neo4j-community-3.5.12\bin
2019-11-28 02:53:45.620+0000 INFO [o.n.k.i.DiagnosticsManager] D:\Program Files\Ruby25-x64\bin
2019-11-28 02:53:45.620+0000 INFO [o.n.k.i.DiagnosticsManager] C:\Users\Administrator\AppData\Local\Microsoft\WindowsApps
2019-11-28 02:53:45.621+0000 INFO [o.n.k.i.DiagnosticsManager] F:\IdeaProjects\test1116
2019-11-28 02:53:45.622+0000 INFO [o.n.k.i.DiagnosticsManager] C:\Users\Administrator\AppData\Local\Programs\Microsoft VS Code\bin
2019-11-28 02:53:45.623+0000 INFO [o.n.k.i.DiagnosticsManager] C:\Users\Administrator\AppData\Roaming\npm
2019-11-28 02:53:45.623+0000 INFO [o.n.k.i.DiagnosticsManager] F:\IdeaProjects\test1116
2019-11-28 02:53:45.623+0000 INFO [o.n.k.i.DiagnosticsManager] System.properties:
2019-11-28 02:53:45.624+0000 INFO [o.n.k.i.DiagnosticsManager] sun.boot.library.path = F:\OpenSources\Java\jdk1.8.0_172\jre\bin
2019-11-28 02:53:45.624+0000 INFO [o.n.k.i.DiagnosticsManager] path.separator = ;
2019-11-28 02:53:45.624+0000 INFO [o.n.k.i.DiagnosticsManager] file.encoding.pkg = sun.io
2019-11-28 02:53:45.624+0000 INFO [o.n.k.i.DiagnosticsManager] user.country = CN
2019-11-28 02:53:45.624+0000 INFO [o.n.k.i.DiagnosticsManager] user.script = 
2019-11-28 02:53:45.624+0000 INFO [o.n.k.i.DiagnosticsManager] sun.java.launcher = SUN_STANDARD
2019-11-28 02:53:45.625+0000 INFO [o.n.k.i.DiagnosticsManager] sun.os.patch.level = 
2019-11-28 02:53:45.625+0000 INFO [o.n.k.i.DiagnosticsManager] user.dir = F:\IdeaProjects\test1116
2019-11-28 02:53:45.625+0000 INFO [o.n.k.i.DiagnosticsManager] user.variant = 
2019-11-28 02:53:45.625+0000 INFO [o.n.k.i.DiagnosticsManager] sun.jnu.encoding = GBK
2019-11-28 02:53:45.625+0000 INFO [o.n.k.i.DiagnosticsManager] sun.management.compiler = HotSpot 64-Bit Tiered Compilers
2019-11-28 02:53:45.625+0000 INFO [o.n.k.i.DiagnosticsManager] user.home = C:\Users\Administrator
2019-11-28 02:53:45.625+0000 INFO [o.n.k.i.DiagnosticsManager] user.timezone = Asia/Shanghai
2019-11-28 02:53:45.625+0000 INFO [o.n.k.i.DiagnosticsManager] file.encoding = UTF-8
2019-11-28 02:53:45.625+0000 INFO [o.n.k.i.DiagnosticsManager] user.name = Adminstrator
2019-11-28 02:53:45.625+0000 INFO [o.n.k.i.DiagnosticsManager] sun.java.command = JavaQuery
2019-11-28 02:53:45.625+0000 INFO [o.n.k.i.DiagnosticsManager] sun.arch.data.model = 64
2019-11-28 02:53:45.625+0000 INFO [o.n.k.i.DiagnosticsManager] user.language = zh
2019-11-28 02:53:45.625+0000 INFO [o.n.k.i.DiagnosticsManager] awt.toolkit = sun.awt.windows.WToolkit
2019-11-28 02:53:45.625+0000 INFO [o.n.k.i.DiagnosticsManager] file.separator = \
2019-11-28 02:53:45.625+0000 INFO [o.n.k.i.DiagnosticsManager] sun.io.unicode.encoding = UnicodeLittle
2019-11-28 02:53:45.625+0000 INFO [o.n.k.i.DiagnosticsManager] sun.cpu.endian = little
2019-11-28 02:53:45.625+0000 INFO [o.n.k.i.DiagnosticsManager] sun.desktop = windows
2019-11-28 02:53:45.625+0000 INFO [o.n.k.i.DiagnosticsManager] sun.cpu.isalist = amd64
2019-11-28 02:53:45.625+0000 INFO [o.n.k.i.DiagnosticsManager] Network information:
2019-11-28 02:53:45.937+0000 INFO [o.n.k.i.DiagnosticsManager] Interface Software Loopback Interface 1:
2019-11-28 02:53:45.937+0000 INFO [o.n.k.i.DiagnosticsManager]     address: 127.0.0.1
2019-11-28 02:53:45.937+0000 INFO [o.n.k.i.DiagnosticsManager]     address: 0:0:0:0:0:0:0:1
2019-11-28 02:53:45.937+0000 INFO [o.n.k.i.DiagnosticsManager] Interface Microsoft 6to4 Adapter:
2019-11-28 02:53:45.937+0000 INFO [o.n.k.i.DiagnosticsManager] Interface WAN Miniport (PPPOE):
2019-11-28 02:53:45.938+0000 INFO [o.n.k.i.DiagnosticsManager] Interface WAN Miniport (Network Monitor):
2019-11-28 02:53:45.938+0000 INFO [o.n.k.i.DiagnosticsManager] Interface Intel(R) Centrino(R) Advanced-N 6205:
2019-11-28 02:53:45.938+0000 INFO [o.n.k.i.DiagnosticsManager]     address: 192.168.22.65
2019-11-28 02:53:45.938+0000 INFO [o.n.k.i.DiagnosticsManager]     address: fe80:0:0:0:896f:23ec:dec0:d078%wlan0
2019-11-28 02:53:45.938+0000 INFO [o.n.k.i.DiagnosticsManager] Interface Microsoft IP-HTTPS Platform Adapter:
2019-11-28 02:53:45.938+0000 INFO [o.n.k.i.DiagnosticsManager] Interface Microsoft Wi-Fi Direct Virtual Adapter #2:
2019-11-28 02:53:45.938+0000 INFO [o.n.k.i.DiagnosticsManager] Interface WAN Miniport (IP):
2019-11-28 02:53:45.938+0000 INFO [o.n.k.i.DiagnosticsManager] Interface Microsoft Wi-Fi Direct Virtual Adapter:
2019-11-28 02:53:45.938+0000 INFO [o.n.k.i.DiagnosticsManager] Interface Microsoft Wi-Fi Direct Virtual Adapter #4:
2019-11-28 02:53:45.938+0000 INFO [o.n.k.i.DiagnosticsManager]     address: fe80:0:0:0:e46a:c016:c810:34cf%wlan3
2019-11-28 02:53:45.938+0000 INFO [o.n.k.i.DiagnosticsManager] Interface WAN Miniport (IPv6):
2019-11-28 02:53:45.938+0000 INFO [o.n.k.i.DiagnosticsManager] Interface Microsoft Teredo Tunneling Adapter:
2019-11-28 02:53:45.938+0000 INFO [o.n.k.i.DiagnosticsManager] Interface Microsoft Kernel Debug Network Adapter:
2019-11-28 02:53:45.938+0000 INFO [o.n.k.i.DiagnosticsManager] Interface Microsoft Wi-Fi Direct Virtual Adapter #3:
2019-11-28 02:53:45.938+0000 INFO [o.n.k.i.DiagnosticsManager] Interface WAN Miniport (PPTP):
2019-11-28 02:53:45.938+0000 INFO [o.n.k.i.DiagnosticsManager] Interface Bluetooth Device (Personal Area Network):
2019-11-28 02:53:45.938+0000 INFO [o.n.k.i.DiagnosticsManager] Interface Intel(R) 82579LM Gigabit Network Connection:
2019-11-28 02:53:45.938+0000 INFO [o.n.k.i.DiagnosticsManager]     address: fe80:0:0:0:57f:e385:8a5f:775b%eth5
2019-11-28 02:53:45.938+0000 INFO [o.n.k.i.DiagnosticsManager] Interface Microsoft Wi-Fi Direct Virtual Adapter #5:
2019-11-28 02:53:45.938+0000 INFO [o.n.k.i.DiagnosticsManager]     address: fe80:0:0:0:9926:5c75:dadc:699d%wlan5
2019-11-28 02:53:45.939+0000 INFO [o.n.k.i.DiagnosticsManager] Interface WAN Miniport (IKEv2):
2019-11-28 02:53:45.939+0000 INFO [o.n.k.i.DiagnosticsManager] Interface WAN Miniport (L2TP):
2019-11-28 02:53:45.939+0000 INFO [o.n.k.i.DiagnosticsManager] Interface WAN Miniport (SSTP):
2019-11-28 02:53:45.939+0000 INFO [o.n.k.i.DiagnosticsManager] Interface Intel(R) 82579LM Gigabit Network Connection-WFP Native MAC Layer LightWeight Filter-0000:
2019-11-28 02:53:45.939+0000 INFO [o.n.k.i.DiagnosticsManager] Interface Intel(R) 82579LM Gigabit Network Connection-QoS Packet Scheduler-0000:
2019-11-28 02:53:45.939+0000 INFO [o.n.k.i.DiagnosticsManager] Interface Intel(R) 82579LM Gigabit Network Connection-WFP 802.3 MAC Layer LightWeight Filter-0000:
2019-11-28 02:53:45.939+0000 INFO [o.n.k.i.DiagnosticsManager] Interface Intel(R) Centrino(R) Advanced-N 6205-WFP Native MAC Layer LightWeight Filter-0000:
2019-11-28 02:53:45.939+0000 INFO [o.n.k.i.DiagnosticsManager] Interface Intel(R) Centrino(R) Advanced-N 6205-Virtual WiFi Filter Driver-0000:
2019-11-28 02:53:45.939+0000 INFO [o.n.k.i.DiagnosticsManager] Interface Intel(R) Centrino(R) Advanced-N 6205-Native WiFi Filter Driver-0000:
2019-11-28 02:53:45.939+0000 INFO [o.n.k.i.DiagnosticsManager] Interface Intel(R) Centrino(R) Advanced-N 6205-QoS Packet Scheduler-0000:
2019-11-28 02:53:45.939+0000 INFO [o.n.k.i.DiagnosticsManager] Interface Intel(R) Centrino(R) Advanced-N 6205-WFP 802.3 MAC Layer LightWeight Filter-0000:
2019-11-28 02:53:45.939+0000 INFO [o.n.k.i.DiagnosticsManager] Interface WAN Miniport (IP)-WFP Native MAC Layer LightWeight Filter-0000:
2019-11-28 02:53:45.939+0000 INFO [o.n.k.i.DiagnosticsManager] Interface WAN Miniport (IP)-QoS Packet Scheduler-0000:
2019-11-28 02:53:45.939+0000 INFO [o.n.k.i.DiagnosticsManager] Interface WAN Miniport (IPv6)-WFP Native MAC Layer LightWeight Filter-0000:
2019-11-28 02:53:45.939+0000 INFO [o.n.k.i.DiagnosticsManager] Interface WAN Miniport (IPv6)-QoS Packet Scheduler-0000:
2019-11-28 02:53:45.939+0000 INFO [o.n.k.i.DiagnosticsManager] Interface WAN Miniport (Network Monitor)-WFP Native MAC Layer LightWeight Filter-0000:
2019-11-28 02:53:45.939+0000 INFO [o.n.k.i.DiagnosticsManager] Interface WAN Miniport (Network Monitor)-QoS Packet Scheduler-0000:
2019-11-28 02:53:45.939+0000 INFO [o.n.k.i.DiagnosticsManager] Interface Microsoft Wi-Fi Direct Virtual Adapter #4-WFP Native MAC Layer LightWeight Filter-0000:
2019-11-28 02:53:45.940+0000 INFO [o.n.k.i.DiagnosticsManager] Interface Microsoft Wi-Fi Direct Virtual Adapter #4-Native WiFi Filter Driver-0000:
2019-11-28 02:53:45.940+0000 INFO [o.n.k.i.DiagnosticsManager] Interface Microsoft Wi-Fi Direct Virtual Adapter #4-QoS Packet Scheduler-0000:
2019-11-28 02:53:45.940+0000 INFO [o.n.k.i.DiagnosticsManager] Interface Microsoft Wi-Fi Direct Virtual Adapter #4-WFP 802.3 MAC Layer LightWeight Filter-0000:
2019-11-28 02:53:45.940+0000 INFO [o.n.k.i.DiagnosticsManager] Interface Microsoft Wi-Fi Direct Virtual Adapter #5-WFP Native MAC Layer LightWeight Filter-0000:
2019-11-28 02:53:45.940+0000 INFO [o.n.k.i.DiagnosticsManager] Interface Microsoft Wi-Fi Direct Virtual Adapter #5-Native WiFi Filter Driver-0000:
2019-11-28 02:53:45.940+0000 INFO [o.n.k.i.DiagnosticsManager] Interface Microsoft Wi-Fi Direct Virtual Adapter #5-QoS Packet Scheduler-0000:
2019-11-28 02:53:45.940+0000 INFO [o.n.k.i.DiagnosticsManager] Interface Microsoft Wi-Fi Direct Virtual Adapter #5-WFP 802.3 MAC Layer LightWeight Filter-0000:
2019-11-28 02:53:45.941+0000 INFO [o.n.k.i.DiagnosticsManager] --- INITIALIZED diagnostics END ---
2019-11-28 02:53:46.245+0000 INFO [o.n.k.i.s.f.RecordFormatSelector] Selected format 'RecordFormat:StandardV3_2[v0.A.8]' for the new store
2019-11-28 02:53:50.169+0000 INFO [o.n.k.i.a.i.IndexingService] IndexingService.init: indexes not specifically mentioned above are null
2019-11-28 02:53:50.172+0000 INFO [o.n.k.i.i.l.NativeLabelScanStore] No scan store found, this might just be first use. Preparing to rebuild.
2019-11-28 02:53:50.426+0000 INFO [o.n.k.NeoStoreDataSource] Opened logical log [F:\IdeaProjects\test1116\target\java-query-db\neostore.transaction.db.0] version=0, lastTxId=1 (clean)
2019-11-28 02:53:50.430+0000 INFO [o.n.k.NeoStoreDataSource] No commits found after last check point (which is at <no log position given>)
2019-11-28 02:53:50.461+0000 WARN [o.n.k.i.s.MetaDataStore] Missing counts store, rebuilding it.
2019-11-28 02:53:50.597+0000 WARN [o.n.k.i.s.MetaDataStore] Counts store rebuild completed.
2019-11-28 02:53:50.626+0000 INFO [o.n.k.i.a.i.IndexingService] IndexingService.start: indexes not specifically mentioned above are null
2019-11-28 02:53:50.628+0000 INFO [o.n.k.i.i.l.NativeLabelScanStore] Rebuilding scan store, this may take a while
2019-11-28 02:53:50.707+0000 INFO [o.n.k.i.i.l.NativeLabelScanStore] Scan store rebuilt (roughly 0 nodes)
2019-11-28 02:53:50.714+0000 INFO [o.n.k.i.DatabaseHealth] Database health set to OK
2019-11-28 02:53:51.522+0000 INFO [o.n.k.AvailabilityGuard] Fulfilling of requirement makes database available: Database available
2019-11-28 02:53:51.524+0000 INFO [o.n.k.i.f.GraphDatabaseFacadeFactory] Database is now ready
2019-11-28 02:53:51.528+0000 INFO [o.n.k.i.DiagnosticsManager] --- STARTED diagnostics for KernelDiagnostics:Versions START ---
2019-11-28 02:53:51.529+0000 INFO [o.n.k.i.DiagnosticsManager] Graph Database: community single StoreId{creationTime=1574909629606, randomId=-5420859201045188916, storeVersion=15813456178476550, upgradeTime=1574909629606, upgradeId=1}
2019-11-28 02:53:51.530+0000 INFO [o.n.k.i.DiagnosticsManager] Kernel version: 3.3.5,69f246fab87bc58a931d27cfa5ec5c35f21b95fa
2019-11-28 02:53:51.530+0000 INFO [o.n.k.i.DiagnosticsManager] --- STARTED diagnostics for KernelDiagnostics:Versions END ---
2019-11-28 02:53:51.534+0000 INFO [o.n.k.i.DiagnosticsManager] --- STARTED diagnostics for NEO_STORE_VERSIONS START ---
2019-11-28 02:53:51.535+0000 INFO [o.n.k.i.DiagnosticsManager] Store versions:
2019-11-28 02:53:51.535+0000 INFO [o.n.k.i.DiagnosticsManager] Store versions:
2019-11-28 02:53:51.535+0000 INFO [o.n.k.i.DiagnosticsManager]   ArrayPropertyStore v0.A.8
2019-11-28 02:53:51.536+0000 INFO [o.n.k.i.DiagnosticsManager]   NodeStore v0.A.8
2019-11-28 02:53:51.536+0000 INFO [o.n.k.i.DiagnosticsManager]   StringPropertyStore v0.A.8
2019-11-28 02:53:51.536+0000 INFO [o.n.k.i.DiagnosticsManager]   PropertyIndexStore v0.A.8
2019-11-28 02:53:51.537+0000 INFO [o.n.k.i.DiagnosticsManager]   StringPropertyStore v0.A.8
2019-11-28 02:53:51.537+0000 INFO [o.n.k.i.DiagnosticsManager]   ArrayPropertyStore v0.A.8
2019-11-28 02:53:51.537+0000 INFO [o.n.k.i.DiagnosticsManager]   PropertyStore v0.A.8
2019-11-28 02:53:51.538+0000 INFO [o.n.k.i.DiagnosticsManager]   RelationshipStore v0.A.8
2019-11-28 02:53:51.538+0000 INFO [o.n.k.i.DiagnosticsManager]   StringPropertyStore v0.A.8
2019-11-28 02:53:51.538+0000 INFO [o.n.k.i.DiagnosticsManager]   RelationshipTypeStore v0.A.8
2019-11-28 02:53:51.539+0000 INFO [o.n.k.i.DiagnosticsManager]   StringPropertyStore v0.A.8
2019-11-28 02:53:51.539+0000 INFO [o.n.k.i.DiagnosticsManager]   LabelTokenStore v0.A.8
2019-11-28 02:53:51.539+0000 INFO [o.n.k.i.DiagnosticsManager]   SchemaStore v0.A.8
2019-11-28 02:53:51.540+0000 INFO [o.n.k.i.DiagnosticsManager]   RelationshipGroupStore v0.A.8
2019-11-28 02:53:51.540+0000 INFO [o.n.k.i.DiagnosticsManager]   NeoStore v0.A.8
2019-11-28 02:53:51.540+0000 INFO [o.n.k.i.DiagnosticsManager] --- STARTED diagnostics for NEO_STORE_VERSIONS END ---
2019-11-28 02:53:51.541+0000 INFO [o.n.k.i.DiagnosticsManager] --- STARTED diagnostics for NEO_STORE_ID_USAGE START ---
2019-11-28 02:53:51.542+0000 INFO [o.n.k.i.DiagnosticsManager] Id usage:
2019-11-28 02:53:51.543+0000 INFO [o.n.k.i.DiagnosticsManager] Id usage:
2019-11-28 02:53:51.543+0000 INFO [o.n.k.i.DiagnosticsManager]   ArrayPropertyStore: used=1 high=0
2019-11-28 02:53:51.544+0000 INFO [o.n.k.i.DiagnosticsManager]   NodeStore: used=0 high=-1
2019-11-28 02:53:51.544+0000 INFO [o.n.k.i.DiagnosticsManager]   StringPropertyStore: used=1 high=0
2019-11-28 02:53:51.545+0000 INFO [o.n.k.i.DiagnosticsManager]   PropertyIndexStore: used=0 high=-1
2019-11-28 02:53:51.545+0000 INFO [o.n.k.i.DiagnosticsManager]   StringPropertyStore: used=1 high=0
2019-11-28 02:53:51.545+0000 INFO [o.n.k.i.DiagnosticsManager]   ArrayPropertyStore: used=1 high=0
2019-11-28 02:53:51.546+0000 INFO [o.n.k.i.DiagnosticsManager]   PropertyStore: used=0 high=-1
2019-11-28 02:53:51.546+0000 INFO [o.n.k.i.DiagnosticsManager]   RelationshipStore: used=0 high=-1
2019-11-28 02:53:51.547+0000 INFO [o.n.k.i.DiagnosticsManager]   StringPropertyStore: used=1 high=0
2019-11-28 02:53:51.547+0000 INFO [o.n.k.i.DiagnosticsManager]   RelationshipTypeStore: used=0 high=-1
2019-11-28 02:53:51.548+0000 INFO [o.n.k.i.DiagnosticsManager]   StringPropertyStore: used=1 high=0
2019-11-28 02:53:51.548+0000 INFO [o.n.k.i.DiagnosticsManager]   LabelTokenStore: used=0 high=-1
2019-11-28 02:53:51.548+0000 INFO [o.n.k.i.DiagnosticsManager]   SchemaStore: used=1 high=0
2019-11-28 02:53:51.549+0000 INFO [o.n.k.i.DiagnosticsManager]   RelationshipGroupStore: used=1 high=0
2019-11-28 02:53:51.549+0000 INFO [o.n.k.i.DiagnosticsManager]   NeoStore: used=15 high=14
2019-11-28 02:53:51.549+0000 INFO [o.n.k.i.DiagnosticsManager] --- STARTED diagnostics for NEO_STORE_ID_USAGE END ---
2019-11-28 02:53:51.550+0000 INFO [o.n.k.i.DiagnosticsManager] --- STARTED diagnostics for NEO_STORE_RECORDS START ---
2019-11-28 02:53:51.550+0000 INFO [o.n.k.i.DiagnosticsManager] Neostore records:
2019-11-28 02:53:51.551+0000 INFO [o.n.k.i.DiagnosticsManager] TIME (Creation time): 1574909629606
2019-11-28 02:53:51.552+0000 INFO [o.n.k.i.DiagnosticsManager] RANDOM_NUMBER (Random number for store id): -5420859201045188916
2019-11-28 02:53:51.552+0000 INFO [o.n.k.i.DiagnosticsManager] LOG_VERSION (Current log version): 0
2019-11-28 02:53:51.553+0000 INFO [o.n.k.i.DiagnosticsManager] LAST_TRANSACTION_ID (Last committed transaction): 1
2019-11-28 02:53:51.553+0000 INFO [o.n.k.i.DiagnosticsManager] STORE_VERSION (Store format version): 15813456178476550
2019-11-28 02:53:51.553+0000 INFO [o.n.k.i.DiagnosticsManager] FIRST_GRAPH_PROPERTY (First property record containing graph properties): -1
2019-11-28 02:53:51.554+0000 INFO [o.n.k.i.DiagnosticsManager] LAST_CONSTRAINT_TRANSACTION (Last committed transaction containing constraint changes): 0
2019-11-28 02:53:51.554+0000 INFO [o.n.k.i.DiagnosticsManager] UPGRADE_TRANSACTION_ID (Transaction id most recent upgrade was performed at): 1
2019-11-28 02:53:51.554+0000 INFO [o.n.k.i.DiagnosticsManager] UPGRADE_TIME (Time of last upgrade): 1574909629606
2019-11-28 02:53:51.555+0000 INFO [o.n.k.i.DiagnosticsManager] LAST_TRANSACTION_CHECKSUM (Checksum of last committed transaction): 0
2019-11-28 02:53:51.555+0000 INFO [o.n.k.i.DiagnosticsManager] UPGRADE_TRANSACTION_CHECKSUM (Checksum of transaction id the most recent upgrade was performed at): 0
2019-11-28 02:53:51.555+0000 INFO [o.n.k.i.DiagnosticsManager] LAST_CLOSED_TRANSACTION_LOG_VERSION (Log version where the last transaction commit entry has been written into): 0
2019-11-28 02:53:51.556+0000 INFO [o.n.k.i.DiagnosticsManager] LAST_CLOSED_TRANSACTION_LOG_BYTE_OFFSET (Byte offset in the log file where the last transaction commit entry has been written into): 16
2019-11-28 02:53:51.556+0000 INFO [o.n.k.i.DiagnosticsManager] LAST_TRANSACTION_COMMIT_TIMESTAMP (Commit time timestamp for last committed transaction): 0
2019-11-28 02:53:51.556+0000 INFO [o.n.k.i.DiagnosticsManager] UPGRADE_TRANSACTION_COMMIT_TIMESTAMP (Commit timestamp of transaction the most recent upgrade was performed at): 0
2019-11-28 02:53:51.556+0000 INFO [o.n.k.i.DiagnosticsManager] --- STARTED diagnostics for NEO_STORE_RECORDS END ---
2019-11-28 02:53:51.559+0000 INFO [o.n.k.i.DiagnosticsManager] --- STARTED diagnostics for TRANSACTION_RANGE START ---
2019-11-28 02:53:51.559+0000 INFO [o.n.k.i.DiagnosticsManager] Transaction log:
2019-11-28 02:53:51.561+0000 INFO [o.n.k.i.DiagnosticsManager] No transactions found in any log
2019-11-28 02:53:51.561+0000 INFO [o.n.k.i.DiagnosticsManager] --- STARTED diagnostics for TRANSACTION_RANGE END ---
2019-11-28 02:53:51.567+0000 INFO [o.n.k.i.DiagnosticsManager] --- STARTED diagnostics for KernelDiagnostics:StoreFiles START ---
2019-11-28 02:53:51.570+0000 INFO [o.n.k.i.DiagnosticsManager] Disk space on partition (Total / Free / Free %): 230793609216 / 5143785472 / 2
2019-11-28 02:53:51.570+0000 INFO [o.n.k.i.DiagnosticsManager] Storage files: (filename : modification date - size)
2019-11-28 02:53:51.574+0000 INFO [o.n.k.i.DiagnosticsManager]   index:
2019-11-28 02:53:51.576+0000 INFO [o.n.k.i.DiagnosticsManager]   - Total: 2019-11-28T10:53:50+0800 - 0.00 B
2019-11-28 02:53:51.577+0000 INFO [o.n.k.i.DiagnosticsManager]   logs:
2019-11-28 02:53:51.578+0000 INFO [o.n.k.i.DiagnosticsManager]     debug.log: 2019-11-28T10:53:51+0800 - 43.28 kB
2019-11-28 02:53:51.579+0000 INFO [o.n.k.i.DiagnosticsManager]   - Total: 2019-11-28T10:53:44+0800 - 43.28 kB
2019-11-28 02:53:51.579+0000 INFO [o.n.k.i.DiagnosticsManager]   neostore: 2019-11-28T10:53:49+0800 - 8.00 kB
2019-11-28 02:53:51.580+0000 INFO [o.n.k.i.DiagnosticsManager]   neostore.counts.db.a: 2019-11-28T10:53:50+0800 - 96.00 B
2019-11-28 02:53:51.580+0000 INFO [o.n.k.i.DiagnosticsManager]   neostore.id: 2019-11-28T10:53:49+0800 - 9.00 B
2019-11-28 02:53:51.581+0000 INFO [o.n.k.i.DiagnosticsManager]   neostore.labelscanstore.db: 2019-11-28T10:53:50+0800 - 40.00 kB
2019-11-28 02:53:51.581+0000 INFO [o.n.k.i.DiagnosticsManager]   neostore.labeltokenstore.db: 2019-11-28T10:53:48+0800 - 0.00 B
2019-11-28 02:53:51.582+0000 INFO [o.n.k.i.DiagnosticsManager]   neostore.labeltokenstore.db.id: 2019-11-28T10:53:48+0800 - 9.00 B
2019-11-28 02:53:51.583+0000 INFO [o.n.k.i.DiagnosticsManager]   neostore.labeltokenstore.db.names: 2019-11-28T10:53:48+0800 - 8.00 kB
2019-11-28 02:53:51.583+0000 INFO [o.n.k.i.DiagnosticsManager]   neostore.labeltokenstore.db.names.id: 2019-11-28T10:53:48+0800 - 9.00 B
2019-11-28 02:53:51.584+0000 INFO [o.n.k.i.DiagnosticsManager]   neostore.nodestore.db: 2019-11-28T10:53:46+0800 - 0.00 B
2019-11-28 02:53:51.584+0000 INFO [o.n.k.i.DiagnosticsManager]   neostore.nodestore.db.id: 2019-11-28T10:53:47+0800 - 9.00 B
2019-11-28 02:53:51.585+0000 INFO [o.n.k.i.DiagnosticsManager]   neostore.nodestore.db.labels: 2019-11-28T10:53:46+0800 - 8.00 kB
2019-11-28 02:53:51.585+0000 INFO [o.n.k.i.DiagnosticsManager]   neostore.nodestore.db.labels.id: 2019-11-28T10:53:46+0800 - 9.00 B
2019-11-28 02:53:51.586+0000 INFO [o.n.k.i.DiagnosticsManager]   neostore.propertystore.db: 2019-11-28T10:53:47+0800 - 0.00 B
2019-11-28 02:53:51.587+0000 INFO [o.n.k.i.DiagnosticsManager]   neostore.propertystore.db.arrays: 2019-11-28T10:53:47+0800 - 8.00 kB
2019-11-28 02:53:51.588+0000 INFO [o.n.k.i.DiagnosticsManager]   neostore.propertystore.db.arrays.id: 2019-11-28T10:53:47+0800 - 9.00 B
2019-11-28 02:53:51.589+0000 INFO [o.n.k.i.DiagnosticsManager]   neostore.propertystore.db.id: 2019-11-28T10:53:47+0800 - 9.00 B
2019-11-28 02:53:51.589+0000 INFO [o.n.k.i.DiagnosticsManager]   neostore.propertystore.db.index: 2019-11-28T10:53:47+0800 - 0.00 B
2019-11-28 02:53:51.590+0000 INFO [o.n.k.i.DiagnosticsManager]   neostore.propertystore.db.index.id: 2019-11-28T10:53:47+0800 - 9.00 B
2019-11-28 02:53:51.591+0000 INFO [o.n.k.i.DiagnosticsManager]   neostore.propertystore.db.index.keys: 2019-11-28T10:53:47+0800 - 8.00 kB
2019-11-28 02:53:51.591+0000 INFO [o.n.k.i.DiagnosticsManager]   neostore.propertystore.db.index.keys.id: 2019-11-28T10:53:47+0800 - 9.00 B
2019-11-28 02:53:51.592+0000 INFO [o.n.k.i.DiagnosticsManager]   neostore.propertystore.db.strings: 2019-11-28T10:53:47+0800 - 8.00 kB
2019-11-28 02:53:51.593+0000 INFO [o.n.k.i.DiagnosticsManager]   neostore.propertystore.db.strings.id: 2019-11-28T10:53:47+0800 - 9.00 B
2019-11-28 02:53:51.594+0000 INFO [o.n.k.i.DiagnosticsManager]   neostore.relationshipgroupstore.db: 2019-11-28T10:53:49+0800 - 8.00 kB
2019-11-28 02:53:51.595+0000 INFO [o.n.k.i.DiagnosticsManager]   neostore.relationshipgroupstore.db.id: 2019-11-28T10:53:49+0800 - 9.00 B
2019-11-28 02:53:51.596+0000 INFO [o.n.k.i.DiagnosticsManager]   neostore.relationshipstore.db: 2019-11-28T10:53:48+0800 - 0.00 B
2019-11-28 02:53:51.597+0000 INFO [o.n.k.i.DiagnosticsManager]   neostore.relationshipstore.db.id: 2019-11-28T10:53:48+0800 - 9.00 B
2019-11-28 02:53:51.597+0000 INFO [o.n.k.i.DiagnosticsManager]   neostore.relationshiptypestore.db: 2019-11-28T10:53:48+0800 - 0.00 B
2019-11-28 02:53:51.598+0000 INFO [o.n.k.i.DiagnosticsManager]   neostore.relationshiptypestore.db.id: 2019-11-28T10:53:48+0800 - 9.00 B
2019-11-28 02:53:51.599+0000 INFO [o.n.k.i.DiagnosticsManager]   neostore.relationshiptypestore.db.names: 2019-11-28T10:53:48+0800 - 8.00 kB
2019-11-28 02:53:51.599+0000 INFO [o.n.k.i.DiagnosticsManager]   neostore.relationshiptypestore.db.names.id: 2019-11-28T10:53:48+0800 - 9.00 B
2019-11-28 02:53:51.600+0000 INFO [o.n.k.i.DiagnosticsManager]   neostore.schemastore.db: 2019-11-28T10:53:49+0800 - 8.00 kB
2019-11-28 02:53:51.600+0000 INFO [o.n.k.i.DiagnosticsManager]   neostore.schemastore.db.id: 2019-11-28T10:53:49+0800 - 9.00 B
2019-11-28 02:53:51.601+0000 INFO [o.n.k.i.DiagnosticsManager]   neostore.transaction.db.0: 2019-11-28T10:53:50+0800 - 16.00 B
2019-11-28 02:53:51.601+0000 INFO [o.n.k.i.DiagnosticsManager]   store_lock: 2019-11-28T10:53:46+0800 - 0.00 B
2019-11-28 02:53:51.601+0000 INFO [o.n.k.i.DiagnosticsManager] Storage summary: 
2019-11-28 02:53:51.602+0000 INFO [o.n.k.i.DiagnosticsManager]   Total size of store: 155.52 kB
2019-11-28 02:53:51.602+0000 INFO [o.n.k.i.DiagnosticsManager]   Total size of mapped files: 112.00 kB
2019-11-28 02:53:51.603+0000 INFO [o.n.k.i.DiagnosticsManager] --- STARTED diagnostics for KernelDiagnostics:StoreFiles END ---
2019-11-28 02:53:55.431+0000 INFO [o.n.k.i.f.GraphDatabaseFacadeFactory] Shutdown started
2019-11-28 02:53:55.432+0000 INFO [o.n.k.i.f.GraphDatabaseFacadeFactory] Database is now unavailable
2019-11-28 02:53:55.440+0000 INFO [o.n.k.i.t.l.c.CheckPointerImpl] Check Pointing triggered by database shutdown [1]:  Starting check pointing...
2019-11-28 02:53:55.440+0000 INFO [o.n.k.i.t.l.c.CheckPointerImpl] Check Pointing triggered by database shutdown [1]:  Starting store flush...
2019-11-28 02:53:55.544+0000 INFO [o.n.k.i.t.l.c.CheckPointerImpl] Check Pointing triggered by database shutdown [1]:  Store flush completed
2019-11-28 02:53:55.545+0000 INFO [o.n.k.i.t.l.c.CheckPointerImpl] Check Pointing triggered by database shutdown [1]:  Starting appending check point entry into the tx log...
2019-11-28 02:53:55.605+0000 INFO [o.n.k.i.t.l.c.CheckPointerImpl] Check Pointing triggered by database shutdown [1]:  Appending check point entry into the tx log completed
2019-11-28 02:53:55.607+0000 INFO [o.n.k.i.t.l.c.CheckPointerImpl] Check Pointing triggered by database shutdown [1]:  Check pointing completed
2019-11-28 02:53:55.608+0000 INFO [o.n.k.i.t.l.p.LogPruningImpl] Log Rotation [0]:  Starting log pruning.
2019-11-28 02:53:55.611+0000 INFO [o.n.k.i.t.l.p.LogPruningImpl] Log Rotation [0]:  Log pruning complete.
2019-11-28 02:53:57.340+0000 INFO [o.n.k.i.DiagnosticsManager] --- STOPPING diagnostics START ---
2019-11-28 02:53:57.341+0000 INFO [o.n.k.i.DiagnosticsManager] --- STOPPING diagnostics END ---
